<?xml version="1.0" encoding="UTF-8"?>
<!-- Generated by org.testng.reporters.JUnitXMLReporter -->
<testsuite hostname="rogerdeMacBook-Pro.local" name="IOSTest2" tests="9" failures="0" timestamp="27 Jul 2017 09:29:00 GMT" time="10.144" errors="0">
  <testcase name="@BeforeTest beforeRunTest" time="0.0" classname="com.youku.cases.SmokeTest">
    <failure type="java.lang.NullPointerException">
      <![CDATA[java.lang.NullPointerException
	at macaca.client.commands.Session.createSession(Session.java:36)
	at macaca.client.MacacaClient.initDriver(MacacaClient.java:1174)
	at com.youku.cases.BaseTest.initDriver(BaseTest.java:75)
	at com.youku.cases.BaseTest.beforeRunTest(BaseTest.java:93)
	at java.util.concurrent.FutureTask.run(FutureTask.java:266)
	at java.util.concurrent.ThreadPoolExecutor.runWorker(ThreadPoolExecutor.java:1142)
	at java.util.concurrent.ThreadPoolExecutor$Worker.run(ThreadPoolExecutor.java:617)
	at java.lang.Thread.run(Thread.java:745)
... Removed 14 stack frames]]>
    </failure>
  </testcase> <!-- @BeforeTest beforeRunTest -->
  <testcase name="@AfterTest tearDown" time="0.0" classname="com.youku.cases.SmokeTest">
    <skipped/>
  </testcase> <!-- @AfterTest tearDown -->
  <testcase name="test_case_channelPageTest" time="0.001" classname="com.youku.cases.SmokeTest">
    <skipped/>
  </testcase> <!-- test_case_channelPageTest -->
  <testcase name="test_case_downLoadTest" time="0.001" classname="com.youku.cases.SmokeTest">
    <skipped/>
  </testcase> <!-- test_case_downLoadTest -->
  <testcase name="test_case_homePageTest" time="0.001" classname="com.youku.cases.SmokeTest">
    <skipped/>
  </testcase> <!-- test_case_homePageTest -->
  <testcase name="test_case_minePageTest" time="0.0" classname="com.youku.cases.SmokeTest">
    <skipped/>
  </testcase> <!-- test_case_minePageTest -->
  <testcase name="test_case_playPageTest" time="0.001" classname="com.youku.cases.SmokeTest">
    <skipped/>
  </testcase> <!-- test_case_playPageTest -->
  <testcase name="test_case_searchTest" time="0.001" classname="com.youku.cases.SmokeTest">
    <skipped/>
  </testcase> <!-- test_case_searchTest -->
  <testcase name="test_case_subscribePageTest" time="0.0" classname="com.youku.cases.SmokeTest">
    <skipped/>
  </testcase> <!-- test_case_subscribePageTest -->
  <testcase name="test_case_topLinePageTest" time="0.001" classname="com.youku.cases.SmokeTest">
    <skipped/>
  </testcase> <!-- test_case_topLinePageTest -->
  <testcase name="test_case_vipPageTest" time="0.0" classname="com.youku.cases.SmokeTest">
    <skipped/>
  </testcase> <!-- test_case_vipPageTest -->
</testsuite> <!-- IOSTest2 -->
