<?xml version="1.0" encoding="UTF-8"?>
<!-- Generated by org.testng.reporters.JUnitXMLReporter -->
<testsuite hostname="rogerdeMacBook-Pro.local" name="IOSTest3" tests="9" failures="0" timestamp="25 Jul 2017 03:55:16 GMT" time="122.059" errors="0">
  <testcase name="@BeforeClass setUp" time="0.0" classname="com.youku.cases.SmokeTest">
    <failure type="java.lang.NullPointerException">
      <![CDATA[java.lang.NullPointerException
	at macaca.client.commands.Session.createSession(Session.java:36)
	at macaca.client.MacacaClient.initDriver(MacacaClient.java:1174)
	at com.youku.cases.BaseTest.initDriver(BaseTest.java:73)
	at com.youku.cases.BaseTest.setUp(BaseTest.java:94)
	at java.util.concurrent.FutureTask.run(FutureTask.java:266)
	at java.util.concurrent.ThreadPoolExecutor.runWorker(ThreadPoolExecutor.java:1142)
	at java.util.concurrent.ThreadPoolExecutor$Worker.run(ThreadPoolExecutor.java:617)
	at java.lang.Thread.run(Thread.java:745)
... Removed 16 stack frames]]>
    </failure>
  </testcase> <!-- @BeforeClass setUp -->
  <testcase name="@AfterClass tearDown" time="0.0" classname="com.youku.cases.SmokeTest">
    <skipped/>
  </testcase> <!-- @AfterClass tearDown -->
  <testcase name="test_case_channelPageTest" time="0.001" classname="com.youku.cases.SmokeTest">
    <skipped/>
  </testcase> <!-- test_case_channelPageTest -->
  <testcase name="test_case_downLoadTest" time="0.001" classname="com.youku.cases.SmokeTest">
    <skipped/>
  </testcase> <!-- test_case_downLoadTest -->
  <testcase name="test_case_homePageTest" time="0.0" classname="com.youku.cases.SmokeTest">
    <skipped/>
  </testcase> <!-- test_case_homePageTest -->
  <testcase name="test_case_minePageTest" time="0.0" classname="com.youku.cases.SmokeTest">
    <skipped/>
  </testcase> <!-- test_case_minePageTest -->
  <testcase name="test_case_playPageTest" time="0.0" classname="com.youku.cases.SmokeTest">
    <skipped/>
  </testcase> <!-- test_case_playPageTest -->
  <testcase name="test_case_searchTest" time="0.0" classname="com.youku.cases.SmokeTest">
    <skipped/>
  </testcase> <!-- test_case_searchTest -->
  <testcase name="test_case_subscribePageTest" time="0.0" classname="com.youku.cases.SmokeTest">
    <skipped/>
  </testcase> <!-- test_case_subscribePageTest -->
  <testcase name="test_case_topLinePageTest" time="0.0" classname="com.youku.cases.SmokeTest">
    <skipped/>
  </testcase> <!-- test_case_topLinePageTest -->
  <testcase name="test_case_vipPageTest" time="0.0" classname="com.youku.cases.SmokeTest">
    <skipped/>
  </testcase> <!-- test_case_vipPageTest -->
</testsuite> <!-- IOSTest3 -->
