<?xml version="1.0" encoding="UTF-8" ?>
<testsuite tests="18" failures="2" name="TestSuite" time="125.516" errors="0" skipped="0">
  <properties>
[...]
</properties>
  <testcase classname="com.youku.cases.SmokeTest" name="test_case_channelPageTest" time="33.227"/>
  <testcase classname="com.youku.cases.SmokeTest" name="test_case_channelPageTest" time="8.074"/>
  <testcase classname="com.youku.cases.SmokeTest" name="test_case_downLoadTest" time="6.335">
    <failure message="com.alibaba.fastjson.JSONObject cannot be cast to com.alibaba.fastjson.JSONArray" type="java.lang.ClassCastException">java.lang.ClassCastException: com.alibaba.fastjson.JSONObject cannot be cast to com.alibaba.fastjson.JSONArray
	at macaca.client.MacacaClient.findElements(MacacaClient.java:207)
	at macaca.client.MacacaClient.elementsByClassName(MacacaClient.java:678)
	at macaca.client.MacacaClient.getElementSelector(MacacaClient.java:434)
	at macaca.client.MacacaClient.countOfElements(MacacaClient.java:410)
	at macaca.java.biz.BaseMacacaClient.countOfElment(BaseMacacaClient.java:97)
	at com.youku.pages.VideoDetialPage.oppositeClikBtn(VideoDetialPage.java:34)
	at com.youku.cases.SmokeTest.test_case_downLoadTest(SmokeTest.java:154)
</failure>
    <system-out>2017-07-25 16:19:15 Request:http://127.0.0.1:3457/wd/hub/session/5078db1b-aa8b-461e-88cf-06d5f4ab6128/elements:{&quot;using&quot;:&quot;class name&quot;,&quot;value&quot;:&quot;XCUIElementTypeCell&quot;}
2017-07-25 16:19:15 Response:{&quot;sessionId&quot;:&quot;&quot;,&quot;status&quot;:6,&quot;value&quot;:{&quot;message&quot;:&quot;A session is either terminated or not started&quot;}}
attempt to search the element for 0 times
2017-07-25 16:19:15 Request:http://127.0.0.1:3457/wd/hub/session/5078db1b-aa8b-461e-88cf-06d5f4ab6128/elements:{&quot;using&quot;:&quot;class name&quot;,&quot;value&quot;:&quot;XCUIElementTypeCell&quot;}
2017-07-25 16:19:15 Response:{&quot;sessionId&quot;:&quot;&quot;,&quot;status&quot;:6,&quot;value&quot;:{&quot;message&quot;:&quot;A session is either terminated or not started&quot;}}
attempt to search the element for 1 times
2017-07-25 16:19:15 Request:http://127.0.0.1:3457/wd/hub/session/5078db1b-aa8b-461e-88cf-06d5f4ab6128/elements:{&quot;using&quot;:&quot;class name&quot;,&quot;value&quot;:&quot;XCUIElementTypeCell&quot;}
2017-07-25 16:19:15 Response:{&quot;sessionId&quot;:&quot;&quot;,&quot;status&quot;:6,&quot;value&quot;:{&quot;message&quot;:&quot;A session is either terminated or not started&quot;}}
attempt to search the element for 2 times
2017-07-25 16:19:15 Request:http://127.0.0.1:3457/wd/hub/session/5078db1b-aa8b-461e-88cf-06d5f4ab6128/elements:{&quot;using&quot;:&quot;class name&quot;,&quot;value&quot;:&quot;XCUIElementTypeCell&quot;}
2017-07-25 16:19:15 Response:{&quot;sessionId&quot;:&quot;&quot;,&quot;status&quot;:6,&quot;value&quot;:{&quot;message&quot;:&quot;A session is either terminated or not started&quot;}}
attempt to search the element for 3 times
2017-07-25 16:19:15 Request:http://127.0.0.1:3457/wd/hub/session/5078db1b-aa8b-461e-88cf-06d5f4ab6128/elements:{&quot;using&quot;:&quot;class name&quot;,&quot;value&quot;:&quot;XCUIElementTypeCell&quot;}
2017-07-25 16:19:15 Response:{&quot;sessionId&quot;:&quot;&quot;,&quot;status&quot;:6,&quot;value&quot;:{&quot;message&quot;:&quot;A session is either terminated or not started&quot;}}
attempt to search the element for 4 times
2017-07-25 16:19:15 Request:http://127.0.0.1:3457/wd/hub/session/5078db1b-aa8b-461e-88cf-06d5f4ab6128/elements:{&quot;using&quot;:&quot;class name&quot;,&quot;value&quot;:&quot;XCUIElementTypeCell&quot;}
2017-07-25 16:19:15 Response:{&quot;sessionId&quot;:&quot;&quot;,&quot;status&quot;:6,&quot;value&quot;:{&quot;message&quot;:&quot;A session is either terminated or not started&quot;}}
can&apos;t find the element:XCUIElementTypeCell
2017-07-25 16:19:16 Request:http://127.0.0.1:3457/wd/hub/session/5078db1b-aa8b-461e-88cf-06d5f4ab6128/elements:{&quot;using&quot;:&quot;class name&quot;,&quot;value&quot;:&quot;XCUIElementTypeCell&quot;}
2017-07-25 16:19:16 Response:{&quot;sessionId&quot;:&quot;&quot;,&quot;status&quot;:6,&quot;value&quot;:{&quot;message&quot;:&quot;A session is either terminated or not started&quot;}}
2017-07-25 16:19:16,首页Cell|控件不存在

2017-07-25 16:19:16 Request:http://127.0.0.1:3457/wd/hub/session/5078db1b-aa8b-461e-88cf-06d5f4ab6128/element:{&quot;using&quot;:&quot;name&quot;,&quot;value&quot;:&quot;缓存&quot;}
2017-07-25 16:19:16 Response:{&quot;sessionId&quot;:&quot;&quot;,&quot;status&quot;:6,&quot;value&quot;:{&quot;message&quot;:&quot;A session is either terminated or not started&quot;}}
2017-07-25 16:19:16 Request:http://127.0.0.1:3457/wd/hub/session/5078db1b-aa8b-461e-88cf-06d5f4ab6128/element/0756DA46-91CC-4865-A6C8-F4E9656B76A1/displayed
2017-07-25 16:19:16 Response:{&quot;sessionId&quot;:&quot;&quot;,&quot;status&quot;:6,&quot;value&quot;:{&quot;message&quot;:&quot;A session is either terminated or not started&quot;}}
attempt to search the element for 0 times
2017-07-25 16:19:16 Request:http://127.0.0.1:3457/wd/hub/session/5078db1b-aa8b-461e-88cf-06d5f4ab6128/element:{&quot;using&quot;:&quot;name&quot;,&quot;value&quot;:&quot;缓存&quot;}
2017-07-25 16:19:16 Response:{&quot;sessionId&quot;:&quot;&quot;,&quot;status&quot;:6,&quot;value&quot;:{&quot;message&quot;:&quot;A session is either terminated or not started&quot;}}
2017-07-25 16:19:16 Request:http://127.0.0.1:3457/wd/hub/session/5078db1b-aa8b-461e-88cf-06d5f4ab6128/element/0756DA46-91CC-4865-A6C8-F4E9656B76A1/displayed
2017-07-25 16:19:16 Response:{&quot;sessionId&quot;:&quot;&quot;,&quot;status&quot;:6,&quot;value&quot;:{&quot;message&quot;:&quot;A session is either terminated or not started&quot;}}
2017-07-25 16:19:16,异常捕捉|com.alibaba.fastjson.JSONObject cannot be cast to java.lang.Boolean

2017-07-25 16:19:16,PLAYER DOWNLOAD|控件不存在

2017-07-25 16:19:17 Request:http://127.0.0.1:3457/wd/hub/session/5078db1b-aa8b-461e-88cf-06d5f4ab6128/element:{&quot;using&quot;:&quot;class name&quot;,&quot;value&quot;:&quot;XCUIElementTypeCollectionView&quot;}
2017-07-25 16:19:17 Response:{&quot;sessionId&quot;:&quot;&quot;,&quot;status&quot;:6,&quot;value&quot;:{&quot;message&quot;:&quot;A session is either terminated or not started&quot;}}
2017-07-25 16:19:17 Request:http://127.0.0.1:3457/wd/hub/session/5078db1b-aa8b-461e-88cf-06d5f4ab6128/element/0756DA46-91CC-4865-A6C8-F4E9656B76A1/displayed
2017-07-25 16:19:17 Response:{&quot;sessionId&quot;:&quot;&quot;,&quot;status&quot;:6,&quot;value&quot;:{&quot;message&quot;:&quot;A session is either terminated or not started&quot;}}
attempt to search the element for 0 times
2017-07-25 16:19:17 Request:http://127.0.0.1:3457/wd/hub/session/5078db1b-aa8b-461e-88cf-06d5f4ab6128/element:{&quot;using&quot;:&quot;class name&quot;,&quot;value&quot;:&quot;XCUIElementTypeCollectionView&quot;}
2017-07-25 16:19:17 Response:{&quot;sessionId&quot;:&quot;&quot;,&quot;status&quot;:6,&quot;value&quot;:{&quot;message&quot;:&quot;A session is either terminated or not started&quot;}}
2017-07-25 16:19:17 Request:http://127.0.0.1:3457/wd/hub/session/5078db1b-aa8b-461e-88cf-06d5f4ab6128/element/0756DA46-91CC-4865-A6C8-F4E9656B76A1/displayed
2017-07-25 16:19:17 Response:{&quot;sessionId&quot;:&quot;&quot;,&quot;status&quot;:6,&quot;value&quot;:{&quot;message&quot;:&quot;A session is either terminated or not started&quot;}}
2017-07-25 16:19:17,异常捕捉|com.alibaba.fastjson.JSONObject cannot be cast to java.lang.Boolean

2017-07-25 16:19:17,缓存面板|控件不存在

2017-07-25 16:19:19 Request:http://127.0.0.1:3457/wd/hub/session/5078db1b-aa8b-461e-88cf-06d5f4ab6128/element:{&quot;using&quot;:&quot;name&quot;,&quot;value&quot;:&quot;downloadCenter&quot;}
2017-07-25 16:19:19 Response:{&quot;sessionId&quot;:&quot;&quot;,&quot;status&quot;:6,&quot;value&quot;:{&quot;message&quot;:&quot;A session is either terminated or not started&quot;}}
2017-07-25 16:19:19 Request:http://127.0.0.1:3457/wd/hub/session/5078db1b-aa8b-461e-88cf-06d5f4ab6128/element/0756DA46-91CC-4865-A6C8-F4E9656B76A1/displayed
2017-07-25 16:19:19 Response:{&quot;sessionId&quot;:&quot;&quot;,&quot;status&quot;:6,&quot;value&quot;:{&quot;message&quot;:&quot;A session is either terminated or not started&quot;}}
attempt to search the element for 0 times
2017-07-25 16:19:19 Request:http://127.0.0.1:3457/wd/hub/session/5078db1b-aa8b-461e-88cf-06d5f4ab6128/element:{&quot;using&quot;:&quot;name&quot;,&quot;value&quot;:&quot;downloadCenter&quot;}
2017-07-25 16:19:19 Response:{&quot;sessionId&quot;:&quot;&quot;,&quot;status&quot;:6,&quot;value&quot;:{&quot;message&quot;:&quot;A session is either terminated or not started&quot;}}
2017-07-25 16:19:19 Request:http://127.0.0.1:3457/wd/hub/session/5078db1b-aa8b-461e-88cf-06d5f4ab6128/element/0756DA46-91CC-4865-A6C8-F4E9656B76A1/displayed
2017-07-25 16:19:19 Response:{&quot;sessionId&quot;:&quot;&quot;,&quot;status&quot;:6,&quot;value&quot;:{&quot;message&quot;:&quot;A session is either terminated or not started&quot;}}
2017-07-25 16:19:19,异常捕捉|com.alibaba.fastjson.JSONObject cannot be cast to java.lang.Boolean

2017-07-25 16:19:19,PLAYER DOWNLOADCENTER|控件不存在

2017-07-25 16:19:19 Request:http://127.0.0.1:3457/wd/hub/session/5078db1b-aa8b-461e-88cf-06d5f4ab6128/element:{&quot;using&quot;:&quot;name&quot;,&quot;value&quot;:&quot;search back&quot;}
2017-07-25 16:19:19 Response:{&quot;sessionId&quot;:&quot;&quot;,&quot;status&quot;:6,&quot;value&quot;:{&quot;message&quot;:&quot;A session is either terminated or not started&quot;}}
2017-07-25 16:19:19 Request:http://127.0.0.1:3457/wd/hub/session/5078db1b-aa8b-461e-88cf-06d5f4ab6128/element/0756DA46-91CC-4865-A6C8-F4E9656B76A1/displayed
2017-07-25 16:19:19 Response:{&quot;sessionId&quot;:&quot;&quot;,&quot;status&quot;:6,&quot;value&quot;:{&quot;message&quot;:&quot;A session is either terminated or not started&quot;}}
attempt to search the element for 0 times
2017-07-25 16:19:19 Request:http://127.0.0.1:3457/wd/hub/session/5078db1b-aa8b-461e-88cf-06d5f4ab6128/element:{&quot;using&quot;:&quot;name&quot;,&quot;value&quot;:&quot;search back&quot;}
2017-07-25 16:19:19 Response:{&quot;sessionId&quot;:&quot;&quot;,&quot;status&quot;:6,&quot;value&quot;:{&quot;message&quot;:&quot;A session is either terminated or not started&quot;}}
2017-07-25 16:19:19 Request:http://127.0.0.1:3457/wd/hub/session/5078db1b-aa8b-461e-88cf-06d5f4ab6128/element/0756DA46-91CC-4865-A6C8-F4E9656B76A1/displayed
2017-07-25 16:19:19 Response:{&quot;sessionId&quot;:&quot;&quot;,&quot;status&quot;:6,&quot;value&quot;:{&quot;message&quot;:&quot;A session is either terminated or not started&quot;}}
2017-07-25 16:19:19,异常捕捉|com.alibaba.fastjson.JSONObject cannot be cast to java.lang.Boolean

2017-07-25 16:19:19,缓存中心|false|页面加载失败|3006

2017-07-25 16:19:19,缓存中心|false|页面加载失败|3006

2017-07-25 16:19:19 Request:http://127.0.0.1:3457/wd/hub/session/5078db1b-aa8b-461e-88cf-06d5f4ab6128/element:{&quot;using&quot;:&quot;name&quot;,&quot;value&quot;:&quot;broadcast forward close&quot;}
2017-07-25 16:19:19 Response:{&quot;sessionId&quot;:&quot;&quot;,&quot;status&quot;:6,&quot;value&quot;:{&quot;message&quot;:&quot;A session is either terminated or not started&quot;}}
2017-07-25 16:19:19 Request:http://127.0.0.1:3457/wd/hub/session/5078db1b-aa8b-461e-88cf-06d5f4ab6128/element/0756DA46-91CC-4865-A6C8-F4E9656B76A1/displayed
2017-07-25 16:19:19 Response:{&quot;sessionId&quot;:&quot;&quot;,&quot;status&quot;:6,&quot;value&quot;:{&quot;message&quot;:&quot;A session is either terminated or not started&quot;}}
attempt to search the element for 0 times
2017-07-25 16:19:19 Request:http://127.0.0.1:3457/wd/hub/session/5078db1b-aa8b-461e-88cf-06d5f4ab6128/element:{&quot;using&quot;:&quot;name&quot;,&quot;value&quot;:&quot;broadcast forward close&quot;}
2017-07-25 16:19:19 Response:{&quot;sessionId&quot;:&quot;&quot;,&quot;status&quot;:6,&quot;value&quot;:{&quot;message&quot;:&quot;A session is either terminated or not started&quot;}}
2017-07-25 16:19:19 Request:http://127.0.0.1:3457/wd/hub/session/5078db1b-aa8b-461e-88cf-06d5f4ab6128/element/0756DA46-91CC-4865-A6C8-F4E9656B76A1/displayed
2017-07-25 16:19:19 Response:{&quot;sessionId&quot;:&quot;&quot;,&quot;status&quot;:6,&quot;value&quot;:{&quot;message&quot;:&quot;A session is either terminated or not started&quot;}}
2017-07-25 16:19:19,异常捕捉|com.alibaba.fastjson.JSONObject cannot be cast to java.lang.Boolean

2017-07-25 16:19:19,PLAYER DOWNLOADCLOSE|控件不存在

2017-07-25 16:19:21 Request:http://127.0.0.1:3457/wd/hub/session/5078db1b-aa8b-461e-88cf-06d5f4ab6128/elements:{&quot;using&quot;:&quot;class name&quot;,&quot;value&quot;:&quot;XCUIElementTypeButton&quot;}
2017-07-25 16:19:21 Response:{&quot;sessionId&quot;:&quot;&quot;,&quot;status&quot;:6,&quot;value&quot;:{&quot;message&quot;:&quot;A session is either terminated or not started&quot;}}
</system-out>
  </testcase>
  <testcase classname="com.youku.cases.SmokeTest" name="test_case_homePageTest" time="0.018"/>
  <testcase classname="com.youku.cases.SmokeTest" name="test_case_minePageTest" time="2.053"/>
  <testcase classname="com.youku.cases.SmokeTest" name="test_case_downLoadTest" time="5.774">
    <failure message="com.alibaba.fastjson.JSONObject cannot be cast to com.alibaba.fastjson.JSONArray" type="java.lang.ClassCastException">java.lang.ClassCastException: com.alibaba.fastjson.JSONObject cannot be cast to com.alibaba.fastjson.JSONArray
	at macaca.client.MacacaClient.findElements(MacacaClient.java:207)
	at macaca.client.MacacaClient.elementsByClassName(MacacaClient.java:678)
	at macaca.client.MacacaClient.getElementSelector(MacacaClient.java:434)
	at macaca.client.MacacaClient.countOfElements(MacacaClient.java:410)
	at macaca.java.biz.BaseMacacaClient.countOfElment(BaseMacacaClient.java:97)
	at com.youku.pages.VideoDetialPage.oppositeClikBtn(VideoDetialPage.java:34)
	at com.youku.cases.SmokeTest.test_case_downLoadTest(SmokeTest.java:154)
</failure>
    <system-out>2017-07-25 16:19:23 Request:http://127.0.0.1:3457/wd/hub/session/5078db1b-aa8b-461e-88cf-06d5f4ab6128/elements:{&quot;using&quot;:&quot;class name&quot;,&quot;value&quot;:&quot;XCUIElementTypeCell&quot;}
2017-07-25 16:19:23 Response:{&quot;sessionId&quot;:&quot;&quot;,&quot;status&quot;:6,&quot;value&quot;:{&quot;message&quot;:&quot;A session is either terminated or not started&quot;}}
attempt to search the element for 0 times
2017-07-25 16:19:23 Request:http://127.0.0.1:3457/wd/hub/session/5078db1b-aa8b-461e-88cf-06d5f4ab6128/elements:{&quot;using&quot;:&quot;class name&quot;,&quot;value&quot;:&quot;XCUIElementTypeCell&quot;}
2017-07-25 16:19:23 Response:{&quot;sessionId&quot;:&quot;&quot;,&quot;status&quot;:6,&quot;value&quot;:{&quot;message&quot;:&quot;A session is either terminated or not started&quot;}}
attempt to search the element for 1 times
2017-07-25 16:19:23 Request:http://127.0.0.1:3457/wd/hub/session/5078db1b-aa8b-461e-88cf-06d5f4ab6128/elements:{&quot;using&quot;:&quot;class name&quot;,&quot;value&quot;:&quot;XCUIElementTypeCell&quot;}
2017-07-25 16:19:23 Response:{&quot;sessionId&quot;:&quot;&quot;,&quot;status&quot;:6,&quot;value&quot;:{&quot;message&quot;:&quot;A session is either terminated or not started&quot;}}
attempt to search the element for 2 times
2017-07-25 16:19:23 Request:http://127.0.0.1:3457/wd/hub/session/5078db1b-aa8b-461e-88cf-06d5f4ab6128/elements:{&quot;using&quot;:&quot;class name&quot;,&quot;value&quot;:&quot;XCUIElementTypeCell&quot;}
2017-07-25 16:19:23 Response:{&quot;sessionId&quot;:&quot;&quot;,&quot;status&quot;:6,&quot;value&quot;:{&quot;message&quot;:&quot;A session is either terminated or not started&quot;}}
attempt to search the element for 3 times
2017-07-25 16:19:24 Request:http://127.0.0.1:3457/wd/hub/session/5078db1b-aa8b-461e-88cf-06d5f4ab6128/elements:{&quot;using&quot;:&quot;class name&quot;,&quot;value&quot;:&quot;XCUIElementTypeCell&quot;}
2017-07-25 16:19:24 Response:{&quot;sessionId&quot;:&quot;&quot;,&quot;status&quot;:6,&quot;value&quot;:{&quot;message&quot;:&quot;A session is either terminated or not started&quot;}}
attempt to search the element for 4 times
2017-07-25 16:19:24 Request:http://127.0.0.1:3457/wd/hub/session/5078db1b-aa8b-461e-88cf-06d5f4ab6128/elements:{&quot;using&quot;:&quot;class name&quot;,&quot;value&quot;:&quot;XCUIElementTypeCell&quot;}
2017-07-25 16:19:24 Response:{&quot;sessionId&quot;:&quot;&quot;,&quot;status&quot;:6,&quot;value&quot;:{&quot;message&quot;:&quot;A session is either terminated or not started&quot;}}
can&apos;t find the element:XCUIElementTypeCell
2017-07-25 16:19:24 Request:http://127.0.0.1:3457/wd/hub/session/5078db1b-aa8b-461e-88cf-06d5f4ab6128/elements:{&quot;using&quot;:&quot;class name&quot;,&quot;value&quot;:&quot;XCUIElementTypeCell&quot;}
2017-07-25 16:19:24 Response:{&quot;sessionId&quot;:&quot;&quot;,&quot;status&quot;:6,&quot;value&quot;:{&quot;message&quot;:&quot;A session is either terminated or not started&quot;}}
2017-07-25 16:19:24,首页Cell|控件不存在

2017-07-25 16:19:27 Request:http://127.0.0.1:3457/wd/hub/session/5078db1b-aa8b-461e-88cf-06d5f4ab6128/element:{&quot;using&quot;:&quot;name&quot;,&quot;value&quot;:&quot;downloadCenter&quot;}
2017-07-25 16:19:27 Response:{&quot;sessionId&quot;:&quot;&quot;,&quot;status&quot;:6,&quot;value&quot;:{&quot;message&quot;:&quot;A session is either terminated or not started&quot;}}
2017-07-25 16:19:27 Request:http://127.0.0.1:3457/wd/hub/session/5078db1b-aa8b-461e-88cf-06d5f4ab6128/element/0756DA46-91CC-4865-A6C8-F4E9656B76A1/displayed
2017-07-25 16:19:27 Response:{&quot;sessionId&quot;:&quot;&quot;,&quot;status&quot;:6,&quot;value&quot;:{&quot;message&quot;:&quot;A session is either terminated or not started&quot;}}
attempt to search the element for 0 times
2017-07-25 16:19:27 Request:http://127.0.0.1:3457/wd/hub/session/5078db1b-aa8b-461e-88cf-06d5f4ab6128/element:{&quot;using&quot;:&quot;name&quot;,&quot;value&quot;:&quot;downloadCenter&quot;}
2017-07-25 16:19:27 Response:{&quot;sessionId&quot;:&quot;&quot;,&quot;status&quot;:6,&quot;value&quot;:{&quot;message&quot;:&quot;A session is either terminated or not started&quot;}}
2017-07-25 16:19:27 Request:http://127.0.0.1:3457/wd/hub/session/5078db1b-aa8b-461e-88cf-06d5f4ab6128/element/0756DA46-91CC-4865-A6C8-F4E9656B76A1/displayed
2017-07-25 16:19:27 Response:{&quot;sessionId&quot;:&quot;&quot;,&quot;status&quot;:6,&quot;value&quot;:{&quot;message&quot;:&quot;A session is either terminated or not started&quot;}}
2017-07-25 16:19:27,异常捕捉|com.alibaba.fastjson.JSONObject cannot be cast to java.lang.Boolean

2017-07-25 16:19:27,PLAYER DOWNLOADCENTER|控件不存在

2017-07-25 16:19:27 Request:http://127.0.0.1:3457/wd/hub/session/5078db1b-aa8b-461e-88cf-06d5f4ab6128/element:{&quot;using&quot;:&quot;name&quot;,&quot;value&quot;:&quot;search back&quot;}
2017-07-25 16:19:27 Response:{&quot;sessionId&quot;:&quot;&quot;,&quot;status&quot;:6,&quot;value&quot;:{&quot;message&quot;:&quot;A session is either terminated or not started&quot;}}
2017-07-25 16:19:27 Request:http://127.0.0.1:3457/wd/hub/session/5078db1b-aa8b-461e-88cf-06d5f4ab6128/element/0756DA46-91CC-4865-A6C8-F4E9656B76A1/displayed
2017-07-25 16:19:27 Response:{&quot;sessionId&quot;:&quot;&quot;,&quot;status&quot;:6,&quot;value&quot;:{&quot;message&quot;:&quot;A session is either terminated or not started&quot;}}
attempt to search the element for 0 times
2017-07-25 16:19:27 Request:http://127.0.0.1:3457/wd/hub/session/5078db1b-aa8b-461e-88cf-06d5f4ab6128/element:{&quot;using&quot;:&quot;name&quot;,&quot;value&quot;:&quot;search back&quot;}
2017-07-25 16:19:27 Response:{&quot;sessionId&quot;:&quot;&quot;,&quot;status&quot;:6,&quot;value&quot;:{&quot;message&quot;:&quot;A session is either terminated or not started&quot;}}
2017-07-25 16:19:27 Request:http://127.0.0.1:3457/wd/hub/session/5078db1b-aa8b-461e-88cf-06d5f4ab6128/element/0756DA46-91CC-4865-A6C8-F4E9656B76A1/displayed
2017-07-25 16:19:27 Response:{&quot;sessionId&quot;:&quot;&quot;,&quot;status&quot;:6,&quot;value&quot;:{&quot;message&quot;:&quot;A session is either terminated or not started&quot;}}
2017-07-25 16:19:27,异常捕捉|com.alibaba.fastjson.JSONObject cannot be cast to java.lang.Boolean

2017-07-25 16:19:27,缓存中心|false|页面加载失败|3006

2017-07-25 16:19:27,缓存中心|false|页面加载失败|3006

2017-07-25 16:19:27 Request:http://127.0.0.1:3457/wd/hub/session/5078db1b-aa8b-461e-88cf-06d5f4ab6128/element:{&quot;using&quot;:&quot;name&quot;,&quot;value&quot;:&quot;broadcast forward close&quot;}
2017-07-25 16:19:27 Response:{&quot;sessionId&quot;:&quot;&quot;,&quot;status&quot;:6,&quot;value&quot;:{&quot;message&quot;:&quot;A session is either terminated or not started&quot;}}
2017-07-25 16:19:27 Request:http://127.0.0.1:3457/wd/hub/session/5078db1b-aa8b-461e-88cf-06d5f4ab6128/element/0756DA46-91CC-4865-A6C8-F4E9656B76A1/displayed
2017-07-25 16:19:27 Response:{&quot;sessionId&quot;:&quot;&quot;,&quot;status&quot;:6,&quot;value&quot;:{&quot;message&quot;:&quot;A session is either terminated or not started&quot;}}
attempt to search the element for 0 times
2017-07-25 16:19:27 Request:http://127.0.0.1:3457/wd/hub/session/5078db1b-aa8b-461e-88cf-06d5f4ab6128/element:{&quot;using&quot;:&quot;name&quot;,&quot;value&quot;:&quot;broadcast forward close&quot;}
2017-07-25 16:19:27 Response:{&quot;sessionId&quot;:&quot;&quot;,&quot;status&quot;:6,&quot;value&quot;:{&quot;message&quot;:&quot;A session is either terminated or not started&quot;}}
2017-07-25 16:19:27 Request:http://127.0.0.1:3457/wd/hub/session/5078db1b-aa8b-461e-88cf-06d5f4ab6128/element/0756DA46-91CC-4865-A6C8-F4E9656B76A1/displayed
2017-07-25 16:19:27 Response:{&quot;sessionId&quot;:&quot;&quot;,&quot;status&quot;:6,&quot;value&quot;:{&quot;message&quot;:&quot;A session is either terminated or not started&quot;}}
2017-07-25 16:19:27,异常捕捉|com.alibaba.fastjson.JSONObject cannot be cast to java.lang.Boolean

2017-07-25 16:19:27,PLAYER DOWNLOADCLOSE|控件不存在

2017-07-25 16:19:29 Request:http://127.0.0.1:3457/wd/hub/session/5078db1b-aa8b-461e-88cf-06d5f4ab6128/elements:{&quot;using&quot;:&quot;class name&quot;,&quot;value&quot;:&quot;XCUIElementTypeButton&quot;}
2017-07-25 16:19:29 Response:{&quot;sessionId&quot;:&quot;&quot;,&quot;status&quot;:6,&quot;value&quot;:{&quot;message&quot;:&quot;A session is either terminated or not started&quot;}}
</system-out>
  </testcase>
  <testcase classname="com.youku.cases.SmokeTest" name="test_case_homePageTest" time="0.019"/>
  <testcase classname="com.youku.cases.SmokeTest" name="test_case_playPageTest" time="0.31"/>
  <testcase classname="com.youku.cases.SmokeTest" name="test_case_searchTest" time="0.063"/>
  <testcase classname="com.youku.cases.SmokeTest" name="test_case_minePageTest" time="1.666"/>
  <testcase classname="com.youku.cases.SmokeTest" name="test_case_subscribePageTest" time="0.384"/>
  <testcase classname="com.youku.cases.SmokeTest" name="test_case_topLinePageTest" time="2.042"/>
  <testcase classname="com.youku.cases.SmokeTest" name="test_case_vipPageTest" time="2.045"/>
  <testcase classname="com.youku.cases.SmokeTest" name="test_case_playPageTest" time="3.664"/>
  <testcase classname="com.youku.cases.SmokeTest" name="test_case_searchTest" time="0.039"/>
  <testcase classname="com.youku.cases.SmokeTest" name="test_case_subscribePageTest" time="2.044"/>
  <testcase classname="com.youku.cases.SmokeTest" name="test_case_topLinePageTest" time="2.042"/>
  <testcase classname="com.youku.cases.SmokeTest" name="test_case_vipPageTest" time="2.043"/>
</testsuite>